2.0M	./pb/cpp
2.0M	./pb
248K	./vimconfig/omnicpp
2.1M	./vimconfig/cpp_src
2.3M	./vimconfig
44K	./auto_setup/im_server
124K	./auto_setup/nginx_php
44K	./auto_setup/mariadb
440K	./auto_setup/gcc_setup
36K	./auto_setup/im_web
44K	./auto_setup/redis
768K	./auto_setup
12K	./run
44K	./.git/hooks
8.0K	./.git/info
32K	./.git/logs
47M	./.git/objects
4.0K	./.git/branches
28K	./.git/refs
47M	./.git
12K	./tools
110M	./src/mysub
261M	./src/msfs
7.5M	./src/http_msg_server
13M	./src/file_server
396K	./src/hiredis
244K	./src/client
15M	./src/slog
4.9M	./src/route_server
18M	./src/db_proxy_server
5.1M	./src/login_server
13M	./src/test
1.7M	./src/log4cxx
928K	./src/libsecurity
40M	./src/base
47M	./src/msg_server
32K	./src/tools
332M	./src/protobuf
580K	./src/langtest
22M	./src/push_server
889M	./src
941M	.
